2024-12-23T00:29:32: Server running on port 3000
2024-12-23T00:29:32: 
2024-12-23T00:29:32: Received SIGINT. Shutting down...
2024-12-23T00:29:32: Database connection closed
2024-12-23T00:29:32: Server running on port 3000
2024-12-23T00:29:32: 
2024-12-23T00:29:32: Received SIGINT. Shutting down...
2024-12-23T00:29:32: Database connection closed
2024-12-23T00:29:32: Server running on port 3000
2024-12-23T00:29:33: 
2024-12-23T00:29:33: Received SIGINT. Shutting down...
2024-12-23T00:29:33: Database connection closed
2024-12-23T00:29:33: Server running on port 3000
2024-12-23T00:29:33: 
2024-12-23T00:29:33: Received SIGINT. Shutting down...
2024-12-23T00:29:33: Database connection closed
2024-12-23T00:29:33: Server running on port 3000
2024-12-23T00:29:33: 
2024-12-23T00:29:33: Received SIGINT. Shutting down...
2024-12-23T00:29:33: Database connection closed
2024-12-23T00:29:34: Server running on port 3000
2024-12-23T00:29:34: 
2024-12-23T00:29:34: Received SIGINT. Shutting down...
2024-12-23T00:29:34: Database connection closed
2024-12-23T00:29:34: Server running on port 3000
2024-12-23T00:29:34: 
2024-12-23T00:29:34: Received SIGINT. Shutting down...
2024-12-23T00:29:34: Database connection closed
2024-12-23T00:29:35: Server running on port 3000
2024-12-23T00:29:35: 
2024-12-23T00:29:35: Received SIGINT. Shutting down...
2024-12-23T00:29:35: Database connection closed
2024-12-23T00:29:35: Server running on port 3000
2024-12-23T00:29:35: 
2024-12-23T00:29:35: Received SIGINT. Shutting down...
2024-12-23T00:29:35: Database connection closed
2024-12-23T00:29:36: Server running on port 3000
2024-12-23T00:29:36: 
2024-12-23T00:29:36: Received SIGINT. Shutting down...
2024-12-23T00:29:36: Database connection closed
2024-12-23T00:29:36: Server running on port 3000
2024-12-23T00:29:36: 
2024-12-23T00:29:36: Received SIGINT. Shutting down...
2024-12-23T00:29:36: Database connection closed
2024-12-23T00:29:37: Server running on port 3000
2024-12-23T00:29:37: 
2024-12-23T00:29:37: Received SIGINT. Shutting down...
2024-12-23T00:29:37: Database connection closed
2024-12-23T00:29:37: Server running on port 3000
2024-12-23T00:29:37: 
2024-12-23T00:29:37: Received SIGINT. Shutting down...
2024-12-23T00:29:37: Database connection closed
2024-12-23T00:29:37: Server running on port 3000
2024-12-23T00:29:37: 
2024-12-23T00:29:37: Received SIGINT. Shutting down...
2024-12-23T00:29:37: Database connection closed
2024-12-23T00:29:38: Server running on port 3000
2024-12-23T00:29:38: 
2024-12-23T00:29:38: Received SIGINT. Shutting down...
2024-12-23T00:29:38: Database connection closed
2024-12-23T00:29:38: Server running on port 3000
2024-12-23T00:29:38: 
2024-12-23T00:29:38: Received SIGINT. Shutting down...
2024-12-23T00:29:38: Database connection closed
2024-12-23T00:29:39: Server running on port 3000
2024-12-23T00:29:39: 
2024-12-23T00:29:39: Received SIGINT. Shutting down...
2024-12-23T00:29:39: Database connection closed
2024-12-23T00:29:39: Server running on port 3000
2024-12-23T00:29:39: 
2024-12-23T00:29:39: Received SIGINT. Shutting down...
2024-12-23T00:29:39: Database connection closed
2024-12-23T00:29:39: Server running on port 3000
2024-12-23T00:29:39: 
2024-12-23T00:29:39: Received SIGINT. Shutting down...
2024-12-23T00:29:39: Database connection closed
2024-12-23T00:29:40: Server running on port 3000
2024-12-23T00:29:40: 
2024-12-23T00:29:40: Received SIGINT. Shutting down...
2024-12-23T00:29:40: Database connection closed
2024-12-23T00:29:40: Server running on port 3000
2024-12-23T00:29:40: 
2024-12-23T00:29:40: Received SIGINT. Shutting down...
2024-12-23T00:29:40: Database connection closed
2024-12-23T00:29:41: Server running on port 3000
2024-12-23T00:29:41: 
2024-12-23T00:29:41: Received SIGINT. Shutting down...
2024-12-23T00:29:41: Database connection closed
2024-12-23T00:29:41: Server running on port 3000
2024-12-23T00:29:41: 
2024-12-23T00:29:41: Received SIGINT. Shutting down...
2024-12-23T00:29:41: Database connection closed
2024-12-23T00:29:41: Server running on port 3000
2024-12-23T00:29:41: 
2024-12-23T00:29:41: Received SIGINT. Shutting down...
2024-12-23T00:29:41: Database connection closed
2024-12-23T00:29:42: Server running on port 3000
2024-12-23T00:29:42: 
2024-12-23T00:29:42: Received SIGINT. Shutting down...
2024-12-23T00:29:42: Database connection closed
2024-12-23T00:29:43: Server running on port 3000
2024-12-23T00:29:43: 
2024-12-23T00:29:43: Received SIGINT. Shutting down...
2024-12-23T00:29:43: Database connection closed
2024-12-23T00:29:43: Server running on port 3000
2024-12-23T00:29:43: 
2024-12-23T00:29:43: Received SIGINT. Shutting down...
2024-12-23T00:29:43: Database connection closed
2024-12-23T00:29:43: Server running on port 3000
2024-12-23T00:29:43: 
2024-12-23T00:29:43: Received SIGINT. Shutting down...
2024-12-23T00:29:43: Database connection closed
2024-12-23T00:29:44: Server running on port 3000
2024-12-23T00:29:44: 
2024-12-23T00:29:44: Received SIGINT. Shutting down...
2024-12-23T00:29:44: Database connection closed
2024-12-23T00:29:44: Server running on port 3000
2024-12-23T00:29:44: 
2024-12-23T00:29:44: Received SIGINT. Shutting down...
2024-12-23T00:29:44: Database connection closed
2024-12-23T00:29:45: Server running on port 3000
2024-12-23T00:29:45: 
2024-12-23T00:29:45: Received SIGINT. Shutting down...
2024-12-23T00:29:45: Database connection closed
2024-12-23T00:29:45: Server running on port 3000
2024-12-23T00:29:45: 
2024-12-23T00:29:45: Received SIGINT. Shutting down...
2024-12-23T00:29:45: Database connection closed
2024-12-23T00:29:47: Server running on port 3000
2024-12-23T00:29:47: 
2024-12-23T00:29:47: Received SIGINT. Shutting down...
2024-12-23T00:29:47: Database connection closed
2024-12-23T00:29:48: Server running on port 3000
2024-12-23T00:29:48: 
2024-12-23T00:29:48: Received SIGINT. Shutting down...
2024-12-23T00:29:48: Database connection closed
2024-12-23T00:29:48: Server running on port 3000
2024-12-23T00:29:48: 
2024-12-23T00:29:48: Received SIGINT. Shutting down...
2024-12-23T00:29:48: Database connection closed
2024-12-23T00:29:48: Server running on port 3000
2024-12-23T00:29:48: 
2024-12-23T00:29:48: Received SIGINT. Shutting down...
2024-12-23T00:29:48: Database connection closed
2024-12-23T00:29:49: Server running on port 3000
2024-12-23T00:29:49: 
2024-12-23T00:29:49: Received SIGINT. Shutting down...
2024-12-23T00:29:49: Database connection closed
2024-12-23T00:29:49: Server running on port 3000
2024-12-23T00:29:49: 
2024-12-23T00:29:49: Received SIGINT. Shutting down...
2024-12-23T00:29:49: Database connection closed
2024-12-23T00:29:51: Server running on port 3000
2024-12-23T00:29:51: 
2024-12-23T00:29:51: Received SIGINT. Shutting down...
2024-12-23T00:29:51: Database connection closed
2024-12-23T00:29:52: Server running on port 3000
2024-12-23T00:29:52: 
2024-12-23T00:29:52: Received SIGINT. Shutting down...
2024-12-23T00:29:52: Database connection closed
2024-12-23T00:29:52: Server running on port 3000
2024-12-23T00:29:52: 
2024-12-23T00:29:52: Received SIGINT. Shutting down...
2024-12-23T00:29:52: Database connection closed
2024-12-23T00:29:52: Server running on port 3000
2024-12-23T00:29:52: 
2024-12-23T00:29:52: Received SIGINT. Shutting down...
2024-12-23T00:29:52: Database connection closed
2024-12-23T00:29:53: Server running on port 3000
2024-12-23T00:29:53: 
2024-12-23T00:29:53: Received SIGINT. Shutting down...
2024-12-23T00:29:53: Database connection closed
2024-12-23T00:29:53: Server running on port 3000
2024-12-23T00:29:53: 
2024-12-23T00:29:53: Received SIGINT. Shutting down...
2024-12-23T00:29:53: Database connection closed
2024-12-23T00:29:54: Server running on port 3000
2024-12-23T00:29:54: 
2024-12-23T00:29:54: Received SIGINT. Shutting down...
2024-12-23T00:29:54: Database connection closed
2024-12-23T00:29:54: Server running on port 3000
2024-12-23T00:29:54: 
2024-12-23T00:29:54: Received SIGINT. Shutting down...
2024-12-23T00:29:54: Database connection closed
2024-12-23T00:29:54: Server running on port 3000
2024-12-23T00:29:54: 
2024-12-23T00:29:54: Received SIGINT. Shutting down...
2024-12-23T00:29:54: Database connection closed
2024-12-23T00:29:55: Server running on port 3000
2024-12-23T00:29:55: 
2024-12-23T00:29:55: Received SIGINT. Shutting down...
2024-12-23T00:29:55: Database connection closed
2024-12-23T00:29:55: Server running on port 3000
2024-12-23T00:29:55: 
2024-12-23T00:29:55: Received SIGINT. Shutting down...
2024-12-23T00:29:55: Database connection closed
2024-12-23T00:29:56: Server running on port 3000
2024-12-23T00:29:56: 
2024-12-23T00:29:56: Received SIGINT. Shutting down...
2024-12-23T00:29:56: Database connection closed
2024-12-23T00:29:56: Server running on port 3000
2024-12-23T00:29:56: 
2024-12-23T00:29:56: Received SIGINT. Shutting down...
2024-12-23T00:29:56: Database connection closed
2024-12-23T00:29:58: Server running on port 3000
2024-12-23T00:29:58: 
2024-12-23T00:29:58: Received SIGINT. Shutting down...
2024-12-23T00:29:58: Database connection closed
2024-12-23T00:29:58: Server running on port 3000
2024-12-23T00:29:58: 
2024-12-23T00:29:58: Received SIGINT. Shutting down...
2024-12-23T00:29:58: Database connection closed
2024-12-23T00:29:58: Server running on port 3000
2024-12-23T00:29:58: 
2024-12-23T00:29:58: Received SIGINT. Shutting down...
2024-12-23T00:29:58: Database connection closed
2024-12-23T00:29:59: Server running on port 3000
2024-12-23T00:29:59: 
2024-12-23T00:29:59: Received SIGINT. Shutting down...
2024-12-23T00:29:59: Database connection closed
2024-12-23T00:29:59: Server running on port 3000
2024-12-23T00:29:59: 
2024-12-23T00:29:59: Received SIGINT. Shutting down...
2024-12-23T00:29:59: Database connection closed
2024-12-23T00:30:00: Server running on port 3000
2024-12-23T00:30:00: 
2024-12-23T00:30:00: Received SIGINT. Shutting down...
2024-12-23T00:30:00: Database connection closed
2024-12-23T00:30:00: Server running on port 3000
2024-12-23T00:30:00: 
2024-12-23T00:30:00: Received SIGINT. Shutting down...
2024-12-23T00:30:00: Database connection closed
2024-12-23T00:30:01: Server running on port 3000
2024-12-23T00:30:01: 
2024-12-23T00:30:01: Received SIGINT. Shutting down...
2024-12-23T00:30:01: Database connection closed
2024-12-23T00:30:01: Server running on port 3000
2024-12-23T00:30:01: 
2024-12-23T00:30:01: Received SIGINT. Shutting down...
2024-12-23T00:30:01: Database connection closed
2024-12-23T00:30:02: Server running on port 3000
2024-12-23T00:30:02: 
2024-12-23T00:30:02: Received SIGINT. Shutting down...
2024-12-23T00:30:02: Database connection closed
2024-12-23T00:30:02: Server running on port 3000
2024-12-23T00:30:02: 
2024-12-23T00:30:02: Received SIGINT. Shutting down...
2024-12-23T00:30:02: Database connection closed
2024-12-23T00:30:02: Server running on port 3000
2024-12-23T00:30:03: 
2024-12-23T00:30:03: Received SIGINT. Shutting down...
2024-12-23T00:30:03: Database connection closed
2024-12-23T00:30:03: Server running on port 3000
2024-12-23T00:30:03: 
2024-12-23T00:30:03: Received SIGINT. Shutting down...
2024-12-23T00:30:03: Database connection closed
2024-12-23T00:30:03: Server running on port 3000
2024-12-23T00:30:03: 
2024-12-23T00:30:03: Received SIGINT. Shutting down...
2024-12-23T00:30:03: Database connection closed
2024-12-23T00:30:04: Server running on port 3000
2024-12-23T00:30:04: 
2024-12-23T00:30:04: Received SIGINT. Shutting down...
2024-12-23T00:30:04: Database connection closed
2024-12-23T00:30:04: Server running on port 3000
2024-12-23T00:30:04: 
2024-12-23T00:30:04: Received SIGINT. Shutting down...
2024-12-23T00:30:04: Database connection closed
2024-12-23T00:30:04: Server running on port 3000
2024-12-23T00:30:05: 
2024-12-23T00:30:05: Received SIGINT. Shutting down...
2024-12-23T00:30:05: Database connection closed
2024-12-23T00:30:05: Server running on port 3000
2024-12-23T00:30:05: 
2024-12-23T00:30:05: Received SIGINT. Shutting down...
2024-12-23T00:30:05: Database connection closed
2024-12-23T00:30:05: Server running on port 3000
2024-12-23T00:30:05: 
2024-12-23T00:30:05: Received SIGINT. Shutting down...
2024-12-23T00:30:05: Database connection closed
2024-12-23T00:30:06: Server running on port 3000
2024-12-23T00:30:06: 
2024-12-23T00:30:06: Received SIGINT. Shutting down...
2024-12-23T00:30:06: Database connection closed
2024-12-23T00:30:06: Server running on port 3000
2024-12-23T00:30:06: 
2024-12-23T00:30:06: Received SIGINT. Shutting down...
2024-12-23T00:30:06: Database connection closed
2024-12-23T00:30:06: Server running on port 3000
2024-12-23T00:30:07: 
2024-12-23T00:30:07: Received SIGINT. Shutting down...
2024-12-23T00:30:07: Database connection closed
2024-12-23T00:30:07: Server running on port 3000
2024-12-23T00:30:07: 
2024-12-23T00:30:07: Received SIGINT. Shutting down...
2024-12-23T00:30:07: Database connection closed
2024-12-23T00:30:07: Server running on port 3000
2024-12-23T00:30:07: 
2024-12-23T00:30:07: Received SIGINT. Shutting down...
2024-12-23T00:30:07: Database connection closed
2024-12-23T00:30:08: Server running on port 3000
2024-12-23T00:30:08: 
2024-12-23T00:30:08: Received SIGINT. Shutting down...
2024-12-23T00:30:08: Database connection closed
2024-12-23T00:30:08: Server running on port 3000
2024-12-23T00:30:08: 
2024-12-23T00:30:08: Received SIGINT. Shutting down...
2024-12-23T00:30:08: Database connection closed
2024-12-23T00:30:08: Server running on port 3000
2024-12-23T00:30:09: 
2024-12-23T00:30:09: Received SIGINT. Shutting down...
2024-12-23T00:30:09: Database connection closed
2024-12-23T00:30:09: Server running on port 3000
2024-12-23T00:30:09: 
2024-12-23T00:30:09: Received SIGINT. Shutting down...
2024-12-23T00:30:09: Database connection closed
2024-12-23T00:30:09: Server running on port 3000
2024-12-23T00:30:09: 
2024-12-23T00:30:09: Received SIGINT. Shutting down...
2024-12-23T00:30:09: Database connection closed
2024-12-23T00:30:10: Server running on port 3000
2024-12-23T00:30:10: 
2024-12-23T00:30:10: Received SIGINT. Shutting down...
2024-12-23T00:30:10: Database connection closed
2024-12-23T00:30:10: Server running on port 3000
2024-12-23T00:30:10: 
2024-12-23T00:30:10: Received SIGINT. Shutting down...
2024-12-23T00:30:10: Database connection closed
2024-12-23T00:30:11: Server running on port 3000
2024-12-23T00:30:11: 
2024-12-23T00:30:11: Received SIGINT. Shutting down...
2024-12-23T00:30:11: Database connection closed
2024-12-23T00:30:11: Server running on port 3000
2024-12-23T00:30:11: 
2024-12-23T00:30:11: Received SIGINT. Shutting down...
2024-12-23T00:30:11: Database connection closed
2024-12-23T00:30:12: Server running on port 3000
2024-12-23T00:30:12: 
2024-12-23T00:30:12: Received SIGINT. Shutting down...
2024-12-23T00:30:12: Database connection closed
2024-12-23T00:30:12: Server running on port 3000
2024-12-23T00:30:12: 
2024-12-23T00:30:12: Received SIGINT. Shutting down...
2024-12-23T00:30:12: Database connection closed
2024-12-23T00:30:13: Server running on port 3000
2024-12-23T00:30:13: 
2024-12-23T00:30:13: Received SIGINT. Shutting down...
2024-12-23T00:30:13: Database connection closed
2024-12-23T00:30:13: Server running on port 3000
2024-12-23T00:30:13: 
2024-12-23T00:30:13: Received SIGINT. Shutting down...
2024-12-23T00:30:13: Database connection closed
2024-12-23T00:30:14: Server running on port 3000
2024-12-23T00:30:14: 
2024-12-23T00:30:14: Received SIGINT. Shutting down...
2024-12-23T00:30:14: Database connection closed
2024-12-23T00:30:14: Server running on port 3000
2024-12-23T00:30:14: 
2024-12-23T00:30:14: Received SIGINT. Shutting down...
2024-12-23T00:30:14: Database connection closed
2024-12-23T00:30:15: Server running on port 3000
2024-12-23T00:30:15: 
2024-12-23T00:30:15: Received SIGINT. Shutting down...
2024-12-23T00:30:15: Database connection closed
2024-12-23T00:30:15: Server running on port 3000
2024-12-23T00:30:15: 
2024-12-23T00:30:15: Received SIGINT. Shutting down...
2024-12-23T00:30:15: Database connection closed
2024-12-23T00:30:15: Server running on port 3000
2024-12-23T00:30:15: 
2024-12-23T00:30:15: Received SIGINT. Shutting down...
2024-12-23T00:30:15: Database connection closed
2024-12-23T00:30:16: Server running on port 3000
2024-12-23T00:30:16: 
2024-12-23T00:30:16: Received SIGINT. Shutting down...
2024-12-23T00:30:16: Database connection closed
2024-12-23T00:30:17: Server running on port 3000
2024-12-23T00:30:17: 
2024-12-23T00:30:17: Received SIGINT. Shutting down...
2024-12-23T00:30:17: Database connection closed
2024-12-23T00:30:17: Server running on port 3000
2024-12-23T00:30:17: 
2024-12-23T00:30:17: Received SIGINT. Shutting down...
2024-12-23T00:30:17: Database connection closed
2024-12-23T00:30:18: Server running on port 3000
2024-12-23T00:30:18: 
2024-12-23T00:30:18: Received SIGINT. Shutting down...
2024-12-23T00:30:18: Database connection closed
2024-12-23T00:30:18: Server running on port 3000
2024-12-23T00:30:18: 
2024-12-23T00:30:18: Received SIGINT. Shutting down...
2024-12-23T00:30:18: Database connection closed
2024-12-23T00:30:19: Server running on port 3000
2024-12-23T00:30:19: 
2024-12-23T00:30:19: Received SIGINT. Shutting down...
2024-12-23T00:30:19: Database connection closed
2024-12-23T00:30:20: Server running on port 3000
2024-12-23T00:30:20: 
2024-12-23T00:30:20: Received SIGINT. Shutting down...
2024-12-23T00:30:20: Database connection closed
2024-12-23T00:30:20: Server running on port 3000
2024-12-23T00:30:20: 
2024-12-23T00:30:20: Received SIGINT. Shutting down...
2024-12-23T00:30:20: Database connection closed
2024-12-23T00:30:20: Server running on port 3000
2024-12-23T00:30:20: 
2024-12-23T00:30:20: Received SIGINT. Shutting down...
2024-12-23T00:30:20: Database connection closed
2024-12-23T00:30:21: Server running on port 3000
2024-12-23T00:30:21: 
2024-12-23T00:30:21: Received SIGINT. Shutting down...
2024-12-23T00:30:21: Database connection closed
2024-12-23T00:30:21: Server running on port 3000
2024-12-23T00:30:21: 
2024-12-23T00:30:21: Received SIGINT. Shutting down...
2024-12-23T00:30:21: Database connection closed
2024-12-23T00:30:22: Server running on port 3000
2024-12-23T00:30:22: 
2024-12-23T00:30:22: Received SIGINT. Shutting down...
2024-12-23T00:30:22: Database connection closed
2024-12-23T00:30:22: Server running on port 3000
2024-12-23T00:30:22: 
2024-12-23T00:30:22: Received SIGINT. Shutting down...
2024-12-23T00:30:22: Database connection closed
2024-12-23T00:30:23: Server running on port 3000
2024-12-23T00:30:23: 
2024-12-23T00:30:23: Received SIGINT. Shutting down...
2024-12-23T00:30:23: Database connection closed
2024-12-23T00:30:23: Server running on port 3000
2024-12-23T00:30:23: 
2024-12-23T00:30:23: Received SIGINT. Shutting down...
2024-12-23T00:30:23: Database connection closed
2024-12-23T00:30:24: Server running on port 3000
2024-12-23T00:30:24: 
2024-12-23T00:30:24: Received SIGINT. Shutting down...
2024-12-23T00:30:24: Database connection closed
2024-12-23T00:30:24: Server running on port 3000
2024-12-23T00:30:24: 
2024-12-23T00:30:24: Received SIGINT. Shutting down...
2024-12-23T00:30:24: Database connection closed
2024-12-23T00:30:24: Server running on port 3000
2024-12-23T00:30:24: 
2024-12-23T00:30:24: Received SIGINT. Shutting down...
2024-12-23T00:30:24: Database connection closed
2024-12-23T00:30:25: Server running on port 3000
2024-12-23T00:30:25: 
2024-12-23T00:30:25: Received SIGINT. Shutting down...
2024-12-23T00:30:25: Database connection closed
2024-12-23T00:30:26: Server running on port 3000
2024-12-23T00:30:26: 
2024-12-23T00:30:26: Received SIGINT. Shutting down...
2024-12-23T00:30:26: Database connection closed
2024-12-23T00:30:26: Server running on port 3000
2024-12-23T00:30:26: 
2024-12-23T00:30:26: Received SIGINT. Shutting down...
2024-12-23T00:30:26: Database connection closed
2024-12-23T00:30:27: Server running on port 3000
2024-12-23T00:30:27: 
2024-12-23T00:30:27: Received SIGINT. Shutting down...
2024-12-23T00:30:27: Database connection closed
2024-12-23T00:30:28: Server running on port 3000
2024-12-23T00:30:28: 
2024-12-23T00:30:28: Received SIGINT. Shutting down...
2024-12-23T00:30:28: Database connection closed
2024-12-23T00:30:29: Server running on port 3000
2024-12-23T00:30:29: 
2024-12-23T00:30:29: Received SIGINT. Shutting down...
2024-12-23T00:30:29: Database connection closed
2024-12-23T00:30:32: Server running on port 3000
2024-12-23T00:30:32: 
2024-12-23T00:30:32: Received SIGINT. Shutting down...
2024-12-23T00:30:32: Database connection closed
2024-12-23T00:30:33: Server running on port 3000
2024-12-23T00:30:33: 
2024-12-23T00:30:33: Received SIGINT. Shutting down...
2024-12-23T00:30:33: Database connection closed
2024-12-23T00:30:33: Server running on port 3000
2024-12-23T00:30:33: 
2024-12-23T00:30:33: Received SIGINT. Shutting down...
2024-12-23T00:30:33: Database connection closed
2024-12-23T00:30:34: Server running on port 3000
2024-12-23T00:30:34: 
2024-12-23T00:30:34: Received SIGINT. Shutting down...
2024-12-23T00:30:34: Database connection closed
2024-12-23T00:30:34: Server running on port 3000
2024-12-23T00:30:34: 
2024-12-23T00:30:34: Received SIGINT. Shutting down...
2024-12-23T00:30:34: Database connection closed
2024-12-23T00:30:35: Server running on port 3000
2024-12-23T00:30:35: 
2024-12-23T00:30:35: Received SIGINT. Shutting down...
2024-12-23T00:30:35: Database connection closed
2024-12-23T00:30:35: Server running on port 3000
2024-12-23T00:30:35: 
2024-12-23T00:30:35: Received SIGINT. Shutting down...
2024-12-23T00:30:35: Database connection closed
2024-12-23T00:30:35: Server running on port 3000
2024-12-23T00:30:35: 
2024-12-23T00:30:35: Received SIGINT. Shutting down...
2024-12-23T00:30:35: Database connection closed
2024-12-23T00:30:36: Server running on port 3000
2024-12-23T00:30:36: 
2024-12-23T00:30:36: Received SIGINT. Shutting down...
2024-12-23T00:30:36: Database connection closed
2024-12-23T00:30:36: Server running on port 3000
2024-12-23T00:30:36: 
2024-12-23T00:30:36: Received SIGINT. Shutting down...
2024-12-23T00:30:36: Database connection closed
2024-12-23T00:30:37: Server running on port 3000
2024-12-23T00:30:37: 
2024-12-23T00:30:37: Received SIGINT. Shutting down...
2024-12-23T00:30:37: Database connection closed
2024-12-23T00:30:37: Server running on port 3000
2024-12-23T00:30:37: 
2024-12-23T00:30:37: Received SIGINT. Shutting down...
2024-12-23T00:30:37: Database connection closed
2024-12-23T00:30:37: Server running on port 3000
2024-12-23T00:30:37: 
2024-12-23T00:30:37: Received SIGINT. Shutting down...
2024-12-23T00:30:37: Database connection closed
2024-12-23T00:30:38: Server running on port 3000
2024-12-23T00:30:38: 
2024-12-23T00:30:38: Received SIGINT. Shutting down...
2024-12-23T00:30:38: Database connection closed
2024-12-23T00:30:38: Server running on port 3000
2024-12-23T00:30:38: 
2024-12-23T00:30:38: Received SIGINT. Shutting down...
2024-12-23T00:30:38: Database connection closed
2024-12-23T00:30:39: Server running on port 3000
2024-12-23T00:30:39: 
2024-12-23T00:30:39: Received SIGINT. Shutting down...
2024-12-23T00:30:39: Database connection closed
2024-12-23T00:30:39: Server running on port 3000
2024-12-23T00:30:39: 
2024-12-23T00:30:39: Received SIGINT. Shutting down...
2024-12-23T00:30:39: Database connection closed
2024-12-23T00:30:39: Server running on port 3000
2024-12-23T00:30:39: 
2024-12-23T00:30:39: Received SIGINT. Shutting down...
2024-12-23T00:30:39: Database connection closed
2024-12-23T00:30:40: Server running on port 3000
2024-12-23T00:30:40: 
2024-12-23T00:30:40: Received SIGINT. Shutting down...
2024-12-23T00:30:40: Database connection closed
2024-12-23T00:30:40: Server running on port 3000
2024-12-23T00:30:40: 
2024-12-23T00:30:40: Received SIGINT. Shutting down...
2024-12-23T00:30:40: Database connection closed
2024-12-23T00:30:41: Server running on port 3000
2024-12-23T00:30:41: 
2024-12-23T00:30:41: Received SIGINT. Shutting down...
2024-12-23T00:30:41: Database connection closed
2024-12-23T00:30:41: Server running on port 3000
2024-12-23T00:30:41: 
2024-12-23T00:30:41: Received SIGINT. Shutting down...
2024-12-23T00:30:41: Database connection closed
2024-12-23T00:30:41: Server running on port 3000
2024-12-23T00:30:41: 
2024-12-23T00:30:41: Received SIGINT. Shutting down...
2024-12-23T00:30:41: Database connection closed
2024-12-23T00:30:42: Server running on port 3000
2024-12-23T00:30:42: 
2024-12-23T00:30:42: Received SIGINT. Shutting down...
2024-12-23T00:30:42: Database connection closed
2024-12-23T00:30:42: Server running on port 3000
2024-12-23T00:30:42: 
2024-12-23T00:30:42: Received SIGINT. Shutting down...
2024-12-23T00:30:42: Database connection closed
2024-12-23T00:30:43: Server running on port 3000
2024-12-23T00:30:43: 
2024-12-23T00:30:43: Received SIGINT. Shutting down...
2024-12-23T00:30:43: Database connection closed
2024-12-23T00:30:43: Server running on port 3000
2024-12-23T00:30:43: 
2024-12-23T00:30:43: Received SIGINT. Shutting down...
2024-12-23T00:30:43: Database connection closed
2024-12-23T00:30:43: Server running on port 3000
2024-12-23T00:30:43: 
2024-12-23T00:30:43: Received SIGINT. Shutting down...
2024-12-23T00:30:43: Database connection closed
2024-12-23T00:30:44: Server running on port 3000
2024-12-23T00:30:44: 
2024-12-23T00:30:44: Received SIGINT. Shutting down...
2024-12-23T00:30:44: Database connection closed
2024-12-23T00:31:29: Server running on port 3000
2024-12-23T00:31:29: 
2024-12-23T00:31:29: Received SIGINT. Shutting down...
2024-12-23T00:31:29: Database connection closed
2024-12-23T00:31:29: Server running on port 3000
2024-12-23T00:31:29: 
2024-12-23T00:31:29: Received SIGINT. Shutting down...
2024-12-23T00:31:29: Database connection closed
2024-12-23T00:31:29: Server running on port 3000
2024-12-23T00:31:30: 
2024-12-23T00:31:30: Received SIGINT. Shutting down...
2024-12-23T00:31:30: Database connection closed
2024-12-23T00:31:30: Server running on port 3000
2024-12-23T00:31:30: 
2024-12-23T00:31:30: Received SIGINT. Shutting down...
2024-12-23T00:31:30: Database connection closed
2024-12-23T00:31:30: Server running on port 3000
2024-12-23T00:31:30: 
2024-12-23T00:31:30: Received SIGINT. Shutting down...
2024-12-23T00:31:30: Database connection closed
2024-12-23T00:31:31: Server running on port 3000
2024-12-23T00:31:31: 
2024-12-23T00:31:31: Received SIGINT. Shutting down...
2024-12-23T00:31:31: Database connection closed
2024-12-23T00:31:33: Server running on port 3000
2024-12-23T00:31:33: 
2024-12-23T00:31:33: Received SIGINT. Shutting down...
2024-12-23T00:31:33: Database connection closed
2024-12-23T00:31:33: Server running on port 3000
2024-12-23T00:31:33: 
2024-12-23T00:31:33: Received SIGINT. Shutting down...
2024-12-23T00:31:33: Database connection closed
2024-12-23T00:31:34: Server running on port 3000
2024-12-23T00:31:34: 
2024-12-23T00:31:34: Received SIGINT. Shutting down...
2024-12-23T00:31:34: Database connection closed
2024-12-23T00:31:34: Server running on port 3000
2024-12-23T00:31:34: 
2024-12-23T00:31:34: Received SIGINT. Shutting down...
2024-12-23T00:31:34: Database connection closed
2024-12-23T00:31:36: Server running on port 3000
2024-12-23T00:31:36: 
2024-12-23T00:31:36: Received SIGINT. Shutting down...
2024-12-23T00:31:36: Database connection closed
2024-12-23T00:31:37: Server running on port 3000
2024-12-23T00:31:37: 
2024-12-23T00:31:37: Received SIGINT. Shutting down...
2024-12-23T00:31:37: Database connection closed
2024-12-23T00:31:38: Server running on port 3000
2024-12-23T00:31:38: 
2024-12-23T00:31:38: Received SIGINT. Shutting down...
2024-12-23T00:31:38: Database connection closed
2024-12-23T00:31:39: Server running on port 3000
2024-12-23T00:31:39: 
2024-12-23T00:31:39: Received SIGINT. Shutting down...
2024-12-23T00:31:39: Database connection closed
2024-12-23T00:31:39: Server running on port 3000
2024-12-23T00:31:39: 
2024-12-23T00:31:39: Received SIGINT. Shutting down...
2024-12-23T00:31:39: Database connection closed
2024-12-23T00:31:40: Server running on port 3000
2024-12-23T00:31:40: 
2024-12-23T00:31:40: Received SIGINT. Shutting down...
2024-12-23T00:31:40: Database connection closed
2024-12-23T00:31:40: Server running on port 3000
2024-12-23T00:31:40: 
2024-12-23T00:31:40: Received SIGINT. Shutting down...
2024-12-23T00:31:40: Database connection closed
2024-12-23T00:31:41: Server running on port 3000
2024-12-23T00:31:41: 
2024-12-23T00:31:41: Received SIGINT. Shutting down...
2024-12-23T00:31:41: Database connection closed
2024-12-23T00:31:41: Server running on port 3000
2024-12-23T00:31:41: 
2024-12-23T00:31:41: Received SIGINT. Shutting down...
2024-12-23T00:31:41: Database connection closed
2024-12-23T00:31:41: Server running on port 3000
2024-12-23T00:31:41: 
2024-12-23T00:31:41: Received SIGINT. Shutting down...
2024-12-23T00:31:41: Database connection closed
2024-12-23T00:31:42: Server running on port 3000
2024-12-23T00:31:42: 
2024-12-23T00:31:42: Received SIGINT. Shutting down...
2024-12-23T00:31:42: Database connection closed
2024-12-23T00:31:42: Server running on port 3000
2024-12-23T00:31:42: 
2024-12-23T00:31:42: Received SIGINT. Shutting down...
2024-12-23T00:31:42: Database connection closed
2024-12-23T00:31:43: Server running on port 3000
2024-12-23T00:31:43: 
2024-12-23T00:31:43: Received SIGINT. Shutting down...
2024-12-23T00:31:43: Database connection closed
2024-12-23T00:31:43: Server running on port 3000
2024-12-23T00:31:43: 
2024-12-23T00:31:43: Received SIGINT. Shutting down...
2024-12-23T00:31:43: Database connection closed
2024-12-23T00:31:43: Server running on port 3000
2024-12-23T00:31:43: 
2024-12-23T00:31:43: Received SIGINT. Shutting down...
2024-12-23T00:31:43: Database connection closed
2024-12-23T00:31:44: Server running on port 3000
2024-12-23T00:31:44: 
2024-12-23T00:31:44: Received SIGINT. Shutting down...
2024-12-23T00:31:44: Database connection closed
2024-12-23T00:31:44: Server running on port 3000
2024-12-23T00:31:44: 
2024-12-23T00:31:44: Received SIGINT. Shutting down...
2024-12-23T00:31:44: Database connection closed
2024-12-23T00:31:45: Server running on port 3000
2024-12-23T00:31:45: 
2024-12-23T00:31:45: Received SIGINT. Shutting down...
2024-12-23T00:31:45: Database connection closed
2024-12-23T00:31:45: Server running on port 3000
2024-12-23T00:31:45: 
2024-12-23T00:31:45: Received SIGINT. Shutting down...
2024-12-23T00:31:45: Database connection closed
2024-12-23T00:31:45: Server running on port 3000
2024-12-23T00:31:45: 
2024-12-23T00:31:45: Received SIGINT. Shutting down...
2024-12-23T00:31:45: Database connection closed
2024-12-23T00:31:46: Server running on port 3000
2024-12-23T00:31:46: 
2024-12-23T00:31:46: Received SIGINT. Shutting down...
2024-12-23T00:31:46: Database connection closed
2024-12-23T00:31:46: Server running on port 3000
2024-12-23T00:31:46: 
2024-12-23T00:31:46: Received SIGINT. Shutting down...
2024-12-23T00:31:46: Database connection closed
2024-12-23T00:31:47: Server running on port 3000
2024-12-23T00:31:47: 
2024-12-23T00:31:47: Received SIGINT. Shutting down...
2024-12-23T00:31:47: Database connection closed
2024-12-23T00:31:48: Server running on port 3000
2024-12-23T00:31:48: 
2024-12-23T00:31:48: Received SIGINT. Shutting down...
2024-12-23T00:31:48: Database connection closed
2024-12-23T00:31:48: Server running on port 3000
2024-12-23T00:31:48: 
2024-12-23T00:31:48: Received SIGINT. Shutting down...
2024-12-23T00:31:48: Database connection closed
2024-12-23T00:31:49: Server running on port 3000
2024-12-23T00:31:49: 
2024-12-23T00:31:49: Received SIGINT. Shutting down...
2024-12-23T00:31:49: Database connection closed
2024-12-23T00:31:50: Server running on port 3000
2024-12-23T00:31:50: 
2024-12-23T00:31:50: Received SIGINT. Shutting down...
2024-12-23T00:31:50: Database connection closed
2024-12-23T00:31:50: Server running on port 3000
2024-12-23T00:31:50: 
2024-12-23T00:31:50: Received SIGINT. Shutting down...
2024-12-23T00:31:50: Database connection closed
2024-12-23T00:31:51: Server running on port 3000
2024-12-23T00:31:51: 
2024-12-23T00:31:51: Received SIGINT. Shutting down...
2024-12-23T00:31:51: Database connection closed
2024-12-23T00:31:51: Server running on port 3000
2024-12-23T00:31:51: 
2024-12-23T00:31:51: Received SIGINT. Shutting down...
2024-12-23T00:31:51: Database connection closed
2024-12-23T00:31:52: Server running on port 3000
2024-12-23T00:31:52: 
2024-12-23T00:31:52: Received SIGINT. Shutting down...
2024-12-23T00:31:52: Database connection closed
2024-12-23T00:31:52: Server running on port 3000
2024-12-23T00:31:52: 
2024-12-23T00:31:52: Received SIGINT. Shutting down...
2024-12-23T00:31:52: Database connection closed
2024-12-23T00:31:53: Server running on port 3000
2024-12-23T00:31:53: 
2024-12-23T00:31:53: Received SIGINT. Shutting down...
2024-12-23T00:31:53: Database connection closed
2024-12-23T00:31:53: Server running on port 3000
2024-12-23T00:31:53: 
2024-12-23T00:31:53: Received SIGINT. Shutting down...
2024-12-23T00:31:53: Database connection closed
2024-12-23T00:31:54: Server running on port 3000
2024-12-23T00:31:54: 
2024-12-23T00:31:54: Received SIGINT. Shutting down...
2024-12-23T00:31:54: Database connection closed
2024-12-23T00:31:55: Server running on port 3000
2024-12-23T00:31:55: 
2024-12-23T00:31:55: Received SIGINT. Shutting down...
2024-12-23T00:31:55: Database connection closed
2024-12-23T00:31:55: Server running on port 3000
2024-12-23T00:31:55: 
2024-12-23T00:31:55: Received SIGINT. Shutting down...
2024-12-23T00:31:55: Database connection closed
2024-12-23T00:31:56: Server running on port 3000
2024-12-23T00:31:56: 
2024-12-23T00:31:56: Received SIGINT. Shutting down...
2024-12-23T00:31:56: Database connection closed
2024-12-23T00:31:56: Server running on port 3000
2024-12-23T00:31:56: 
2024-12-23T00:31:56: Received SIGINT. Shutting down...
2024-12-23T00:31:56: Database connection closed
2024-12-23T00:31:57: Server running on port 3000
2024-12-23T00:31:57: 
2024-12-23T00:31:57: Received SIGINT. Shutting down...
2024-12-23T00:31:57: Database connection closed
2024-12-23T00:31:57: Server running on port 3000
2024-12-23T00:31:57: 
2024-12-23T00:31:57: Received SIGINT. Shutting down...
2024-12-23T00:31:57: Database connection closed
2024-12-23T00:31:58: Server running on port 3000
2024-12-23T00:31:58: 
2024-12-23T00:31:58: Received SIGINT. Shutting down...
2024-12-23T00:31:58: Database connection closed
2024-12-23T00:31:58: Server running on port 3000
2024-12-23T00:31:59: 
2024-12-23T00:31:59: Received SIGINT. Shutting down...
2024-12-23T00:31:59: Database connection closed
2024-12-23T00:31:59: Server running on port 3000
2024-12-23T00:31:59: 
2024-12-23T00:31:59: Received SIGINT. Shutting down...
2024-12-23T00:31:59: Database connection closed
2024-12-23T00:31:59: Server running on port 3000
2024-12-23T00:31:59: 
2024-12-23T00:31:59: Received SIGINT. Shutting down...
2024-12-23T00:31:59: Database connection closed
2024-12-23T00:32:00: Server running on port 3000
2024-12-23T00:32:00: 
2024-12-23T00:32:00: Received SIGINT. Shutting down...
2024-12-23T00:32:00: Database connection closed
2024-12-23T00:32:01: Server running on port 3000
2024-12-23T00:32:01: 
2024-12-23T00:32:01: Received SIGINT. Shutting down...
2024-12-23T00:32:01: Database connection closed
2024-12-23T00:32:01: Server running on port 3000
2024-12-23T00:32:01: 
2024-12-23T00:32:01: Received SIGINT. Shutting down...
2024-12-23T00:32:01: Database connection closed
2024-12-23T00:32:02: Server running on port 3000
2024-12-23T00:32:02: 
2024-12-23T00:32:02: Received SIGINT. Shutting down...
2024-12-23T00:32:02: Database connection closed
2024-12-23T00:32:03: Server running on port 3000
2024-12-23T00:32:03: 
2024-12-23T00:32:03: Received SIGINT. Shutting down...
2024-12-23T00:32:03: Database connection closed
2024-12-23T00:32:03: Server running on port 3000
2024-12-23T00:32:03: 
2024-12-23T00:32:03: Received SIGINT. Shutting down...
2024-12-23T00:32:03: Database connection closed
2024-12-23T00:32:05: Server running on port 3000
2024-12-23T00:32:05: 
2024-12-23T00:32:05: Received SIGINT. Shutting down...
2024-12-23T00:32:05: Database connection closed
2024-12-23T00:32:05: Server running on port 3000
2024-12-23T00:32:05: 
2024-12-23T00:32:05: Received SIGINT. Shutting down...
2024-12-23T00:32:05: Database connection closed
2024-12-23T00:32:05: Server running on port 3000
2024-12-23T00:32:05: 
2024-12-23T00:32:05: Received SIGINT. Shutting down...
2024-12-23T00:32:05: Database connection closed
2024-12-23T00:32:06: Server running on port 3000
2024-12-23T00:32:06: 
2024-12-23T00:32:06: Received SIGINT. Shutting down...
2024-12-23T00:32:06: Database connection closed
2024-12-23T00:32:06: Server running on port 3000
2024-12-23T00:32:06: 
2024-12-23T00:32:06: Received SIGINT. Shutting down...
2024-12-23T00:32:06: Database connection closed
2024-12-23T00:32:07: Server running on port 3000
2024-12-23T00:32:07: 
2024-12-23T00:32:07: Received SIGINT. Shutting down...
2024-12-23T00:32:07: Database connection closed
2024-12-23T00:32:07: Server running on port 3000
2024-12-23T00:32:07: 
2024-12-23T00:32:07: Received SIGINT. Shutting down...
2024-12-23T00:32:07: Database connection closed
2024-12-23T00:32:07: Server running on port 3000
2024-12-23T00:32:07: 
2024-12-23T00:32:07: Received SIGINT. Shutting down...
2024-12-23T00:32:07: Database connection closed
2024-12-23T00:32:08: Server running on port 3000
2024-12-23T00:32:08: 
2024-12-23T00:32:08: Received SIGINT. Shutting down...
2024-12-23T00:32:08: Database connection closed
2024-12-23T00:32:08: Server running on port 3000
2024-12-23T00:32:08: 
2024-12-23T00:32:08: Received SIGINT. Shutting down...
2024-12-23T00:32:08: Database connection closed
2024-12-23T00:32:09: Server running on port 3000
2024-12-23T00:32:09: 
2024-12-23T00:32:09: Received SIGINT. Shutting down...
2024-12-23T00:32:09: Database connection closed
2024-12-23T00:32:09: Server running on port 3000
2024-12-23T00:32:09: 
2024-12-23T00:32:09: Received SIGINT. Shutting down...
2024-12-23T00:32:09: Database connection closed
2024-12-23T00:32:09: Server running on port 3000
2024-12-23T00:32:10: 
2024-12-23T00:32:10: Received SIGINT. Shutting down...
2024-12-23T00:32:10: Database connection closed
2024-12-23T00:32:10: Server running on port 3000
2024-12-23T00:32:10: 
2024-12-23T00:32:10: Received SIGINT. Shutting down...
2024-12-23T00:32:10: Database connection closed
2024-12-23T00:32:10: Server running on port 3000
2024-12-23T00:32:10: 
2024-12-23T00:32:10: Received SIGINT. Shutting down...
2024-12-23T00:32:10: Database connection closed
2024-12-23T00:32:11: Server running on port 3000
2024-12-23T00:32:11: 
2024-12-23T00:32:11: Received SIGINT. Shutting down...
2024-12-23T00:32:11: Database connection closed
2024-12-23T00:32:11: Server running on port 3000
2024-12-23T00:32:11: 
2024-12-23T00:32:11: Received SIGINT. Shutting down...
2024-12-23T00:32:11: Database connection closed
2024-12-23T00:32:11: Server running on port 3000
2024-12-23T00:32:12: 
2024-12-23T00:32:12: Received SIGINT. Shutting down...
2024-12-23T00:32:12: Database connection closed
2024-12-23T00:32:12: Server running on port 3000
2024-12-23T00:32:12: 
2024-12-23T00:32:12: Received SIGINT. Shutting down...
2024-12-23T00:32:12: Database connection closed
2024-12-23T00:32:12: Server running on port 3000
2024-12-23T00:32:12: 
2024-12-23T00:32:12: Received SIGINT. Shutting down...
2024-12-23T00:32:12: Database connection closed
2024-12-23T00:32:13: Server running on port 3000
2024-12-23T00:32:13: 
2024-12-23T00:32:13: Received SIGINT. Shutting down...
2024-12-23T00:32:13: Database connection closed
2024-12-23T00:32:13: Server running on port 3000
2024-12-23T00:32:14: 
2024-12-23T00:32:14: Received SIGINT. Shutting down...
2024-12-23T00:32:14: Database connection closed
2024-12-23T00:32:14: Server running on port 3000
2024-12-23T00:32:14: 
2024-12-23T00:32:14: Received SIGINT. Shutting down...
2024-12-23T00:32:14: Database connection closed
2024-12-23T00:32:14: Server running on port 3000
2024-12-23T00:32:14: 
2024-12-23T00:32:14: Received SIGINT. Shutting down...
2024-12-23T00:32:14: Database connection closed
2024-12-23T00:32:15: Server running on port 3000
2024-12-23T00:32:15: 
2024-12-23T00:32:15: Received SIGINT. Shutting down...
2024-12-23T00:32:15: Database connection closed
2024-12-23T00:32:15: Server running on port 3000
2024-12-23T00:32:15: 
2024-12-23T00:32:15: Received SIGINT. Shutting down...
2024-12-23T00:32:15: Database connection closed
2024-12-23T00:32:16: Server running on port 3000
2024-12-23T00:32:16: 
2024-12-23T00:32:16: Received SIGINT. Shutting down...
2024-12-23T00:32:16: Database connection closed
2024-12-23T00:32:16: Server running on port 3000
2024-12-23T00:32:16: 
2024-12-23T00:32:16: Received SIGINT. Shutting down...
2024-12-23T00:32:16: Database connection closed
2024-12-23T00:32:17: Server running on port 3000
2024-12-23T00:32:17: 
2024-12-23T00:32:17: Received SIGINT. Shutting down...
2024-12-23T00:32:17: Database connection closed
2024-12-23T00:32:17: Server running on port 3000
2024-12-23T00:32:17: 
2024-12-23T00:32:17: Received SIGINT. Shutting down...
2024-12-23T00:32:17: Database connection closed
2024-12-23T00:32:18: Server running on port 3000
2024-12-23T00:32:18: 
2024-12-23T00:32:18: Received SIGINT. Shutting down...
2024-12-23T00:32:18: Database connection closed
2024-12-23T00:32:18: Server running on port 3000
2024-12-23T00:32:18: 
2024-12-23T00:32:18: Received SIGINT. Shutting down...
2024-12-23T00:32:18: Database connection closed
2024-12-23T00:32:18: Server running on port 3000
2024-12-23T00:32:18: 
2024-12-23T00:32:18: Received SIGINT. Shutting down...
2024-12-23T00:32:18: Database connection closed
2024-12-23T00:32:19: Server running on port 3000
2024-12-23T00:32:19: 
2024-12-23T00:32:19: Received SIGINT. Shutting down...
2024-12-23T00:32:19: Database connection closed
2024-12-23T00:32:19: Server running on port 3000
2024-12-23T00:32:19: 
2024-12-23T00:32:19: Received SIGINT. Shutting down...
2024-12-23T00:32:19: Database connection closed
2024-12-23T00:32:20: Server running on port 3000
2024-12-23T00:32:20: 
2024-12-23T00:32:20: Received SIGINT. Shutting down...
2024-12-23T00:32:20: Database connection closed
2024-12-23T00:32:20: Server running on port 3000
2024-12-23T00:32:20: 
2024-12-23T00:32:20: Received SIGINT. Shutting down...
2024-12-23T00:32:20: Database connection closed
2024-12-23T00:32:21: Server running on port 3000
2024-12-23T00:32:21: 
2024-12-23T00:32:21: Received SIGINT. Shutting down...
2024-12-23T00:32:21: Database connection closed
2024-12-23T00:32:21: Server running on port 3000
2024-12-23T00:32:21: 
2024-12-23T00:32:21: Received SIGINT. Shutting down...
2024-12-23T00:32:21: Database connection closed
2024-12-23T00:32:22: Server running on port 3000
2024-12-23T00:32:22: 
2024-12-23T00:32:22: Received SIGINT. Shutting down...
2024-12-23T00:32:22: Database connection closed
2024-12-23T00:32:23: Server running on port 3000
2024-12-23T00:32:23: 
2024-12-23T00:32:23: Received SIGINT. Shutting down...
2024-12-23T00:32:23: Database connection closed
2024-12-23T00:32:23: Server running on port 3000
2024-12-23T00:32:23: 
2024-12-23T00:32:23: Received SIGINT. Shutting down...
2024-12-23T00:32:23: Database connection closed
2024-12-23T00:32:24: Server running on port 3000
2024-12-23T00:32:24: 
2024-12-23T00:32:24: Received SIGINT. Shutting down...
2024-12-23T00:32:24: Database connection closed
2024-12-23T00:32:24: Server running on port 3000
2024-12-23T00:32:24: 
2024-12-23T00:32:24: Received SIGINT. Shutting down...
2024-12-23T00:32:24: Database connection closed
2024-12-23T00:32:25: Server running on port 3000
2024-12-23T00:32:25: 
2024-12-23T00:32:25: Received SIGINT. Shutting down...
2024-12-23T00:32:25: Database connection closed
2024-12-23T00:32:25: Server running on port 3000
2024-12-23T00:32:25: 
2024-12-23T00:32:25: Received SIGINT. Shutting down...
2024-12-23T00:32:25: Database connection closed
2024-12-23T00:32:25: Server running on port 3000
2024-12-23T00:32:26: 
2024-12-23T00:32:26: Received SIGINT. Shutting down...
2024-12-23T00:32:26: Database connection closed
2024-12-23T00:32:26: Server running on port 3000
2024-12-23T00:32:26: 
2024-12-23T00:32:26: Received SIGINT. Shutting down...
2024-12-23T00:32:26: Database connection closed
2024-12-23T00:32:26: Server running on port 3000
2024-12-23T00:32:26: 
2024-12-23T00:32:26: Received SIGINT. Shutting down...
2024-12-23T00:32:26: Database connection closed
2024-12-23T00:32:27: Server running on port 3000
2024-12-23T00:32:27: 
2024-12-23T00:32:27: Received SIGINT. Shutting down...
2024-12-23T00:32:27: Database connection closed
2024-12-23T00:32:27: Server running on port 3000
2024-12-23T00:32:27: 
2024-12-23T00:32:27: Received SIGINT. Shutting down...
2024-12-23T00:32:27: Database connection closed
2024-12-23T00:32:28: Server running on port 3000
2024-12-23T00:32:28: 
2024-12-23T00:32:28: Received SIGINT. Shutting down...
2024-12-23T00:32:28: Database connection closed
2024-12-23T00:32:28: Server running on port 3000
2024-12-23T00:32:28: 
2024-12-23T00:32:28: Received SIGINT. Shutting down...
2024-12-23T00:32:28: Database connection closed
2024-12-23T00:32:28: Server running on port 3000
2024-12-23T00:32:28: 
2024-12-23T00:32:28: Received SIGINT. Shutting down...
2024-12-23T00:32:28: Database connection closed
2024-12-23T00:32:29: Server running on port 3000
2024-12-23T00:32:29: 
2024-12-23T00:32:29: Received SIGINT. Shutting down...
2024-12-23T00:32:29: Database connection closed
2024-12-23T00:32:29: Server running on port 3000
2024-12-23T00:32:29: 
2024-12-23T00:32:29: Received SIGINT. Shutting down...
2024-12-23T00:32:29: Database connection closed
2024-12-23T00:32:30: Server running on port 3000
2024-12-23T00:32:30: 
2024-12-23T00:32:30: Received SIGINT. Shutting down...
2024-12-23T00:32:30: Database connection closed
2024-12-23T00:32:30: Server running on port 3000
2024-12-23T00:32:30: 
2024-12-23T00:32:30: Received SIGINT. Shutting down...
2024-12-23T00:32:30: Database connection closed
2024-12-23T00:32:30: Server running on port 3000
2024-12-23T00:32:30: 
2024-12-23T00:32:30: Received SIGINT. Shutting down...
2024-12-23T00:32:30: Database connection closed
2024-12-23T00:32:31: Server running on port 3000
2024-12-23T00:32:31: 
2024-12-23T00:32:31: Received SIGINT. Shutting down...
2024-12-23T00:32:31: Database connection closed
2024-12-23T00:32:32: Server running on port 3000
2024-12-23T00:32:32: 
2024-12-23T00:32:32: Received SIGINT. Shutting down...
2024-12-23T00:32:32: Database connection closed
2024-12-23T00:32:32: Server running on port 3000
2024-12-23T00:32:32: 
2024-12-23T00:32:32: Received SIGINT. Shutting down...
2024-12-23T00:32:32: Database connection closed
2024-12-23T00:32:32: Server running on port 3000
2024-12-23T00:32:32: 
2024-12-23T00:32:32: Received SIGINT. Shutting down...
2024-12-23T00:32:32: Database connection closed
2024-12-23T00:32:33: Server running on port 3000
2024-12-23T00:32:33: 
2024-12-23T00:32:33: Received SIGINT. Shutting down...
2024-12-23T00:32:33: Database connection closed
2024-12-23T00:32:33: Server running on port 3000
2024-12-23T00:32:33: 
2024-12-23T00:32:33: Received SIGINT. Shutting down...
2024-12-23T00:32:33: Database connection closed
2024-12-23T00:32:34: Server running on port 3000
2024-12-23T00:32:34: 
2024-12-23T00:32:34: Received SIGINT. Shutting down...
2024-12-23T00:32:34: Database connection closed
2024-12-23T00:32:34: Server running on port 3000
2024-12-23T00:32:34: 
2024-12-23T00:32:34: Received SIGINT. Shutting down...
2024-12-23T00:32:34: Database connection closed
2024-12-23T00:32:34: Server running on port 3000
2024-12-23T00:32:34: 
2024-12-23T00:32:34: Received SIGINT. Shutting down...
2024-12-23T00:32:34: Database connection closed
2024-12-23T00:32:35: Server running on port 3000
2024-12-23T00:32:35: 
2024-12-23T00:32:35: Received SIGINT. Shutting down...
2024-12-23T00:32:35: Database connection closed
2024-12-23T00:32:35: Server running on port 3000
2024-12-23T00:32:35: 
2024-12-23T00:32:35: Received SIGINT. Shutting down...
2024-12-23T00:32:35: Database connection closed
2024-12-23T00:32:36: Server running on port 3000
2024-12-23T00:32:36: 
2024-12-23T00:32:36: Received SIGINT. Shutting down...
2024-12-23T00:32:36: Database connection closed
2024-12-23T00:32:36: Server running on port 3000
2024-12-23T00:32:36: 
2024-12-23T00:32:36: Received SIGINT. Shutting down...
2024-12-23T00:32:36: Database connection closed
2024-12-23T00:32:37: Server running on port 3000
2024-12-23T00:32:37: 
2024-12-23T00:32:37: Received SIGINT. Shutting down...
2024-12-23T00:32:37: Database connection closed
2024-12-23T00:32:38: Server running on port 3000
2024-12-23T00:32:38: 
2024-12-23T00:32:38: Received SIGINT. Shutting down...
2024-12-23T00:32:38: Database connection closed
2024-12-23T00:32:39: Server running on port 3000
2024-12-23T00:32:39: 
2024-12-23T00:32:39: Received SIGINT. Shutting down...
2024-12-23T00:32:39: Database connection closed
2024-12-23T00:32:40: Server running on port 3000
2024-12-23T00:32:40: 
2024-12-23T00:32:40: Received SIGINT. Shutting down...
2024-12-23T00:32:40: Database connection closed
2024-12-23T00:32:42: Server running on port 3000
2024-12-23T00:32:42: 
2024-12-23T00:32:42: Received SIGINT. Shutting down...
2024-12-23T00:32:42: Database connection closed
2024-12-23T00:32:43: Server running on port 3000
2024-12-23T00:32:43: 
2024-12-23T00:32:43: Received SIGINT. Shutting down...
2024-12-23T00:32:43: Database connection closed
2024-12-23T00:32:45: Server running on port 3000
2024-12-23T00:32:45: 
2024-12-23T00:32:45: Received SIGINT. Shutting down...
2024-12-23T00:32:45: Database connection closed
2024-12-23T00:32:45: Server running on port 3000
2024-12-23T00:32:45: 
2024-12-23T00:32:45: Received SIGINT. Shutting down...
2024-12-23T00:32:45: Database connection closed
2024-12-23T00:32:47: Server running on port 3000
2024-12-23T00:32:47: 
2024-12-23T00:32:47: Received SIGINT. Shutting down...
2024-12-23T00:32:47: Database connection closed
2024-12-23T00:32:48: Server running on port 3000
2024-12-23T00:32:48: 
2024-12-23T00:32:48: Received SIGINT. Shutting down...
2024-12-23T00:32:48: Database connection closed
2024-12-23T00:32:49: Server running on port 3000
2024-12-23T00:32:49: 
2024-12-23T00:32:49: Received SIGINT. Shutting down...
2024-12-23T00:32:49: Database connection closed
2024-12-23T00:32:50: Server running on port 3000
2024-12-23T00:32:50: 
2024-12-23T00:32:50: Received SIGINT. Shutting down...
2024-12-23T00:32:50: Database connection closed
2024-12-23T00:32:50: Server running on port 3000
2024-12-23T00:32:50: 
2024-12-23T00:32:50: Received SIGINT. Shutting down...
2024-12-23T00:32:50: Database connection closed
2024-12-23T00:32:51: Server running on port 3000
2024-12-23T00:32:51: 
2024-12-23T00:32:51: Received SIGINT. Shutting down...
2024-12-23T00:32:51: Database connection closed
2024-12-23T00:32:51: Server running on port 3000
2024-12-23T00:32:51: 
2024-12-23T00:32:51: Received SIGINT. Shutting down...
2024-12-23T00:32:51: Database connection closed
2024-12-23T00:32:52: Server running on port 3000
2024-12-23T00:32:52: 
2024-12-23T00:32:52: Received SIGINT. Shutting down...
2024-12-23T00:32:52: Database connection closed
2024-12-23T00:32:52: Server running on port 3000
2024-12-23T00:32:52: 
2024-12-23T00:32:52: Received SIGINT. Shutting down...
2024-12-23T00:32:52: Database connection closed
2024-12-23T00:32:52: Server running on port 3000
2024-12-23T00:32:52: 
2024-12-23T00:32:52: Received SIGINT. Shutting down...
2024-12-23T00:32:52: Database connection closed
2024-12-23T00:32:53: Server running on port 3000
2024-12-23T00:32:53: 
2024-12-23T00:32:53: Received SIGINT. Shutting down...
2024-12-23T00:32:53: Database connection closed
2024-12-23T00:32:53: Server running on port 3000
2024-12-23T00:32:53: 
2024-12-23T00:32:53: Received SIGINT. Shutting down...
2024-12-23T00:32:53: Database connection closed
2024-12-23T00:32:54: Server running on port 3000
2024-12-23T00:32:54: 
2024-12-23T00:32:54: Received SIGINT. Shutting down...
2024-12-23T00:32:54: Database connection closed
2024-12-23T00:32:54: Server running on port 3000
2024-12-23T00:32:54: 
2024-12-23T00:32:54: Received SIGINT. Shutting down...
2024-12-23T00:32:54: Database connection closed
2024-12-23T00:32:54: Server running on port 3000
2024-12-23T00:32:54: 
2024-12-23T00:32:54: Received SIGINT. Shutting down...
2024-12-23T00:32:54: Database connection closed
2024-12-23T00:32:55: Server running on port 3000
2024-12-23T00:32:55: 
2024-12-23T00:32:55: Received SIGINT. Shutting down...
2024-12-23T00:32:55: Database connection closed
2024-12-23T00:32:55: Server running on port 3000
2024-12-23T00:32:55: 
2024-12-23T00:32:55: Received SIGINT. Shutting down...
2024-12-23T00:32:55: Database connection closed
2024-12-23T00:32:56: Server running on port 3000
2024-12-23T00:32:56: 
2024-12-23T00:32:56: Received SIGINT. Shutting down...
2024-12-23T00:32:56: Database connection closed
2024-12-23T00:32:56: Server running on port 3000
2024-12-23T00:32:56: 
2024-12-23T00:32:56: Received SIGINT. Shutting down...
2024-12-23T00:32:56: Database connection closed
2024-12-23T00:32:56: Server running on port 3000
2024-12-23T00:32:56: 
2024-12-23T00:32:56: Received SIGINT. Shutting down...
2024-12-23T00:32:56: Database connection closed
2024-12-23T00:32:57: Server running on port 3000
2024-12-23T00:32:57: 
2024-12-23T00:32:57: Received SIGINT. Shutting down...
2024-12-23T00:32:57: Database connection closed
2024-12-23T00:32:57: Server running on port 3000
2024-12-23T00:32:57: 
2024-12-23T00:32:57: Received SIGINT. Shutting down...
2024-12-23T00:32:57: Database connection closed
2024-12-23T00:32:58: Server running on port 3000
2024-12-23T00:32:58: 
2024-12-23T00:32:58: Received SIGINT. Shutting down...
2024-12-23T00:32:58: Database connection closed
2024-12-23T00:32:59: Server running on port 3000
2024-12-23T00:32:59: 
2024-12-23T00:32:59: Received SIGINT. Shutting down...
2024-12-23T00:32:59: Database connection closed
2024-12-23T00:32:59: Server running on port 3000
2024-12-23T00:32:59: 
2024-12-23T00:32:59: Received SIGINT. Shutting down...
2024-12-23T00:32:59: Database connection closed
2024-12-23T00:33:00: Server running on port 3000
2024-12-23T00:33:00: 
2024-12-23T00:33:00: Received SIGINT. Shutting down...
2024-12-23T00:33:00: Database connection closed
2024-12-23T00:33:00: Server running on port 3000
2024-12-23T00:33:00: 
2024-12-23T00:33:00: Received SIGINT. Shutting down...
2024-12-23T00:33:00: Database connection closed
2024-12-23T00:33:00: Server running on port 3000
2024-12-23T00:33:00: 
2024-12-23T00:33:00: Received SIGINT. Shutting down...
2024-12-23T00:33:00: Database connection closed
2024-12-23T00:33:01: Server running on port 3000
2024-12-23T00:33:01: 
2024-12-23T00:33:01: Received SIGINT. Shutting down...
2024-12-23T00:33:01: Database connection closed
2024-12-23T00:33:01: Server running on port 3000
2024-12-23T00:33:01: 
2024-12-23T00:33:01: Received SIGINT. Shutting down...
2024-12-23T00:33:01: Database connection closed
2024-12-23T00:33:02: Server running on port 3000
2024-12-23T00:33:02: 
2024-12-23T00:33:02: Received SIGINT. Shutting down...
2024-12-23T00:33:02: Database connection closed
2024-12-23T00:33:02: Server running on port 3000
2024-12-23T00:33:02: 
2024-12-23T00:33:02: Received SIGINT. Shutting down...
2024-12-23T00:33:02: Database connection closed
2024-12-23T00:33:04: Server running on port 3000
2024-12-23T00:33:04: 
2024-12-23T00:33:04: Received SIGINT. Shutting down...
2024-12-23T00:33:04: Database connection closed
2024-12-23T00:33:04: Server running on port 3000
2024-12-23T00:33:04: 
2024-12-23T00:33:04: Received SIGINT. Shutting down...
2024-12-23T00:33:04: Database connection closed
2024-12-23T00:33:05: Server running on port 3000
2024-12-23T00:33:05: 
2024-12-23T00:33:05: Received SIGINT. Shutting down...
2024-12-23T00:33:05: Database connection closed
2024-12-23T00:33:08: Server running on port 3000
2024-12-23T00:33:08: 
2024-12-23T00:33:08: Received SIGINT. Shutting down...
2024-12-23T00:33:08: Database connection closed
2024-12-23T00:33:08: Server running on port 3000
2024-12-23T00:33:08: 
2024-12-23T00:33:08: Received SIGINT. Shutting down...
2024-12-23T00:33:08: Database connection closed
2024-12-23T00:33:09: Server running on port 3000
2024-12-23T00:33:09: 
2024-12-23T00:33:09: Received SIGINT. Shutting down...
2024-12-23T00:33:09: Database connection closed
2024-12-23T00:33:09: Server running on port 3000
2024-12-23T00:33:09: 
2024-12-23T00:33:09: Received SIGINT. Shutting down...
2024-12-23T00:33:09: Database connection closed
2024-12-23T00:33:10: Server running on port 3000
2024-12-23T00:33:10: 
2024-12-23T00:33:10: Received SIGINT. Shutting down...
2024-12-23T00:33:10: Database connection closed
2024-12-23T00:33:10: Server running on port 3000
2024-12-23T00:33:10: 
2024-12-23T00:33:10: Received SIGINT. Shutting down...
2024-12-23T00:33:10: Database connection closed
2024-12-23T00:33:10: Server running on port 3000
2024-12-23T00:33:10: 
2024-12-23T00:33:10: Received SIGINT. Shutting down...
2024-12-23T00:33:10: Database connection closed
2024-12-23T00:33:11: Server running on port 3000
2024-12-23T00:33:11: 
2024-12-23T00:33:11: Received SIGINT. Shutting down...
2024-12-23T00:33:11: Database connection closed
2024-12-23T00:33:12: Server running on port 3000
2024-12-23T00:33:12: 
2024-12-23T00:33:12: Received SIGINT. Shutting down...
2024-12-23T00:33:12: Database connection closed
2024-12-23T00:33:12: Server running on port 3000
2024-12-23T00:33:12: 
2024-12-23T00:33:12: Received SIGINT. Shutting down...
2024-12-23T00:33:12: Database connection closed
2024-12-23T00:33:13: Server running on port 3000
2024-12-23T00:33:13: 
2024-12-23T00:33:13: Received SIGINT. Shutting down...
2024-12-23T00:33:13: Database connection closed
2024-12-23T00:33:14: Server running on port 3000
2024-12-23T00:33:14: 
2024-12-23T00:33:14: Received SIGINT. Shutting down...
2024-12-23T00:33:14: Database connection closed
2024-12-23T00:33:14: Server running on port 3000
2024-12-23T00:33:14: 
2024-12-23T00:33:14: Received SIGINT. Shutting down...
2024-12-23T00:33:14: Database connection closed
2024-12-23T00:33:15: Server running on port 3000
2024-12-23T00:33:15: 
2024-12-23T00:33:15: Received SIGINT. Shutting down...
2024-12-23T00:33:15: Database connection closed
2024-12-23T00:33:15: Server running on port 3000
2024-12-23T00:33:15: 
2024-12-23T00:33:15: Received SIGINT. Shutting down...
2024-12-23T00:33:15: Database connection closed
2024-12-23T00:33:16: Server running on port 3000
2024-12-23T00:33:16: 
2024-12-23T00:33:16: Received SIGINT. Shutting down...
2024-12-23T00:33:16: Database connection closed
2024-12-23T00:33:16: Server running on port 3000
2024-12-23T00:33:16: 
2024-12-23T00:33:16: Received SIGINT. Shutting down...
2024-12-23T00:33:16: Database connection closed
2024-12-23T00:33:17: Server running on port 3000
2024-12-23T00:33:17: 
2024-12-23T00:33:17: Received SIGINT. Shutting down...
2024-12-23T00:33:17: Database connection closed
2024-12-23T00:33:17: Server running on port 3000
2024-12-23T00:33:17: 
2024-12-23T00:33:17: Received SIGINT. Shutting down...
2024-12-23T00:33:17: Database connection closed
2024-12-23T00:33:18: Server running on port 3000
2024-12-23T00:33:18: 
2024-12-23T00:33:18: Received SIGINT. Shutting down...
2024-12-23T00:33:18: Database connection closed
2024-12-23T00:33:19: Server running on port 3000
2024-12-23T00:33:19: 
2024-12-23T00:33:19: Received SIGINT. Shutting down...
2024-12-23T00:33:19: Database connection closed
2024-12-23T00:33:19: Server running on port 3000
2024-12-23T00:33:19: 
2024-12-23T00:33:19: Received SIGINT. Shutting down...
2024-12-23T00:33:19: Database connection closed
2024-12-23T00:33:20: Server running on port 3000
2024-12-23T00:33:20: 
2024-12-23T00:33:20: Received SIGINT. Shutting down...
2024-12-23T00:33:20: Database connection closed
2024-12-23T00:33:22: Server running on port 3000
2024-12-23T00:33:22: 
2024-12-23T00:33:22: Received SIGINT. Shutting down...
2024-12-23T00:33:22: Database connection closed
2024-12-23T00:33:23: Server running on port 3000
2024-12-23T00:33:23: 
2024-12-23T00:33:23: Received SIGINT. Shutting down...
2024-12-23T00:33:23: Database connection closed
2024-12-23T00:33:23: Server running on port 3000
2024-12-23T00:33:23: 
2024-12-23T00:33:23: Received SIGINT. Shutting down...
2024-12-23T00:33:23: Database connection closed
2024-12-23T00:33:23: Server running on port 3000
2024-12-23T00:33:23: 
2024-12-23T00:33:23: Received SIGINT. Shutting down...
2024-12-23T00:33:23: Database connection closed
2024-12-23T00:33:24: Server running on port 3000
2024-12-23T00:33:24: 
2024-12-23T00:33:24: Received SIGINT. Shutting down...
2024-12-23T00:33:24: Database connection closed
2024-12-23T00:33:24: Server running on port 3000
2024-12-23T00:33:24: 
2024-12-23T00:33:24: Received SIGINT. Shutting down...
2024-12-23T00:33:24: Database connection closed
2024-12-23T00:33:25: Server running on port 3000
2024-12-23T00:33:25: 
2024-12-23T00:33:25: Received SIGINT. Shutting down...
2024-12-23T00:33:25: Database connection closed
2024-12-23T00:33:25: Server running on port 3000
2024-12-23T00:33:25: 
2024-12-23T00:33:25: Received SIGINT. Shutting down...
2024-12-23T00:33:25: Database connection closed
2024-12-23T00:33:25: Server running on port 3000
2024-12-23T00:33:25: 
2024-12-23T00:33:25: Received SIGINT. Shutting down...
2024-12-23T00:33:25: Database connection closed
2024-12-23T00:33:26: Server running on port 3000
2024-12-23T00:33:26: 
2024-12-23T00:33:26: Received SIGINT. Shutting down...
2024-12-23T00:33:26: Database connection closed
2024-12-23T00:33:26: Server running on port 3000
2024-12-23T00:33:26: 
2024-12-23T00:33:26: Received SIGINT. Shutting down...
2024-12-23T00:33:26: Database connection closed
2024-12-23T00:33:27: Server running on port 3000
2024-12-23T00:33:27: 
2024-12-23T00:33:27: Received SIGINT. Shutting down...
2024-12-23T00:33:27: Database connection closed
2024-12-23T00:33:27: Server running on port 3000
2024-12-23T00:33:27: 
2024-12-23T00:33:27: Received SIGINT. Shutting down...
2024-12-23T00:33:27: Database connection closed
2024-12-23T00:33:27: Server running on port 3000
2024-12-23T00:33:28: 
2024-12-23T00:33:28: Received SIGINT. Shutting down...
2024-12-23T00:33:28: Database connection closed
2024-12-23T00:33:28: Server running on port 3000
2024-12-23T00:33:28: 
2024-12-23T00:33:28: Received SIGINT. Shutting down...
2024-12-23T00:33:28: Database connection closed
2024-12-23T00:33:29: Server running on port 3000
2024-12-23T00:33:29: 
2024-12-23T00:33:29: Received SIGINT. Shutting down...
2024-12-23T00:33:29: Database connection closed
2024-12-23T00:33:29: Server running on port 3000
2024-12-23T00:33:29: 
2024-12-23T00:33:29: Received SIGINT. Shutting down...
2024-12-23T00:33:29: Database connection closed
2024-12-23T00:33:29: Server running on port 3000
2024-12-23T00:33:30: 
2024-12-23T00:33:30: Received SIGINT. Shutting down...
2024-12-23T00:33:30: Database connection closed
2024-12-23T00:33:30: Server running on port 3000
2024-12-23T00:33:30: 
2024-12-23T00:33:30: Received SIGINT. Shutting down...
2024-12-23T00:33:30: Database connection closed
2024-12-23T00:33:30: Server running on port 3000
2024-12-23T00:33:30: 
2024-12-23T00:33:30: Received SIGINT. Shutting down...
2024-12-23T00:33:30: Database connection closed
2024-12-23T00:33:32: Server running on port 3000
2024-12-23T00:33:32: 
2024-12-23T00:33:32: Received SIGINT. Shutting down...
2024-12-23T00:33:32: Database connection closed
2024-12-23T00:33:32: Server running on port 3000
2024-12-23T00:33:32: 
2024-12-23T00:33:32: Received SIGINT. Shutting down...
2024-12-23T00:33:32: Database connection closed
2024-12-23T00:33:33: Server running on port 3000
2024-12-23T00:33:33: 
2024-12-23T00:33:33: Received SIGINT. Shutting down...
2024-12-23T00:33:33: Database connection closed
2024-12-23T00:33:34: Server running on port 3000
2024-12-23T00:33:34: 
2024-12-23T00:33:34: Received SIGINT. Shutting down...
2024-12-23T00:33:34: Database connection closed
2024-12-23T00:33:35: Server running on port 3000
2024-12-23T00:33:35: 
2024-12-23T00:33:35: Received SIGINT. Shutting down...
2024-12-23T00:33:35: Database connection closed
2024-12-23T00:33:35: Server running on port 3000
2024-12-23T00:33:35: 
2024-12-23T00:33:35: Received SIGINT. Shutting down...
2024-12-23T00:33:35: Database connection closed
2024-12-23T00:33:35: Server running on port 3000
2024-12-23T00:33:35: 
2024-12-23T00:33:35: Received SIGINT. Shutting down...
2024-12-23T00:33:35: Database connection closed
2024-12-23T00:33:36: Server running on port 3000
2024-12-23T00:33:36: 
2024-12-23T00:33:36: Received SIGINT. Shutting down...
2024-12-23T00:33:36: Database connection closed
2024-12-23T00:33:36: Server running on port 3000
2024-12-23T00:33:36: 
2024-12-23T00:33:36: Received SIGINT. Shutting down...
2024-12-23T00:33:36: Database connection closed
2024-12-23T00:33:36: Server running on port 3000
2024-12-23T00:33:37: 
2024-12-23T00:33:37: Received SIGINT. Shutting down...
2024-12-23T00:33:37: Database connection closed
2024-12-23T00:33:37: Server running on port 3000
2024-12-23T00:33:37: 
2024-12-23T00:33:37: Received SIGINT. Shutting down...
2024-12-23T00:33:37: Database connection closed
2024-12-23T00:33:38: Server running on port 3000
2024-12-23T00:33:38: 
2024-12-23T00:33:38: Received SIGINT. Shutting down...
2024-12-23T00:33:38: Database connection closed
2024-12-23T00:33:39: Server running on port 3000
2024-12-23T00:33:39: 
2024-12-23T00:33:39: Received SIGINT. Shutting down...
2024-12-23T00:33:39: Database connection closed
2024-12-23T00:33:39: Server running on port 3000
2024-12-23T00:33:39: 
2024-12-23T00:33:39: Received SIGINT. Shutting down...
2024-12-23T00:33:39: Database connection closed
2024-12-23T00:33:40: Server running on port 3000
2024-12-23T00:33:40: 
2024-12-23T00:33:40: Received SIGINT. Shutting down...
2024-12-23T00:33:40: Database connection closed
2024-12-23T00:33:40: Server running on port 3000
2024-12-23T00:33:40: 
2024-12-23T00:33:40: Received SIGINT. Shutting down...
2024-12-23T00:33:40: Database connection closed
2024-12-23T00:33:41: Server running on port 3000
2024-12-23T00:33:41: 
2024-12-23T00:33:41: Received SIGINT. Shutting down...
2024-12-23T00:33:41: Database connection closed
2024-12-23T00:33:41: Server running on port 3000
2024-12-23T00:33:41: 
2024-12-23T00:33:41: Received SIGINT. Shutting down...
2024-12-23T00:33:41: Database connection closed
2024-12-23T00:33:41: Server running on port 3000
2024-12-23T00:33:41: 
2024-12-23T00:33:41: Received SIGINT. Shutting down...
2024-12-23T00:33:41: Database connection closed
2024-12-23T00:33:42: Server running on port 3000
2024-12-23T00:33:42: 
2024-12-23T00:33:42: Received SIGINT. Shutting down...
2024-12-23T00:33:42: Database connection closed
2024-12-23T00:33:42: Server running on port 3000
2024-12-23T00:33:42: 
2024-12-23T00:33:42: Received SIGINT. Shutting down...
2024-12-23T00:33:42: Database connection closed
2024-12-23T00:33:43: Server running on port 3000
2024-12-23T00:33:43: 
2024-12-23T00:33:43: Received SIGINT. Shutting down...
2024-12-23T00:33:43: Database connection closed
2024-12-23T00:33:43: Server running on port 3000
2024-12-23T00:33:43: 
2024-12-23T00:33:43: Received SIGINT. Shutting down...
2024-12-23T00:33:43: Database connection closed
2024-12-23T00:33:43: Server running on port 3000
2024-12-23T00:33:43: 
2024-12-23T00:33:43: Received SIGINT. Shutting down...
2024-12-23T00:33:43: Database connection closed
2024-12-23T00:33:44: Server running on port 3000
2024-12-23T00:33:44: 
2024-12-23T00:33:44: Received SIGINT. Shutting down...
2024-12-23T00:33:44: Database connection closed
2024-12-23T00:33:44: Server running on port 3000
2024-12-23T00:33:44: 
2024-12-23T00:33:44: Received SIGINT. Shutting down...
2024-12-23T00:33:44: Database connection closed
2024-12-23T00:33:45: Server running on port 3000
2024-12-23T00:33:45: 
2024-12-23T00:33:45: Received SIGINT. Shutting down...
2024-12-23T00:33:45: Database connection closed
